[0.000000] (-) TimerEvent: {}
[0.000446] (robotic-arm-urdf-min) JobQueued: {'identifier': 'robotic-arm-urdf-min', 'dependencies': OrderedDict()}
[0.000508] (robotic-arm-urdf-min) JobStarted: {'identifier': 'robotic-arm-urdf-min'}
[0.006479] (robotic-arm-urdf-min) JobProgress: {'identifier': 'robotic-arm-urdf-min', 'progress': 'cmake'}
[0.006896] (robotic-arm-urdf-min) Command: {'cmd': ['/usr/bin/cmake', '/home/sushant/ros_ws/src/robotic-arm-urdf-min', '-DCMAKE_INSTALL_PREFIX=/home/sushant/ros_ws/install/robotic-arm-urdf-min'], 'cwd': '/home/sushant/ros_ws/build/robotic-arm-urdf-min', 'env': OrderedDict([('LESSOPEN', '| /usr/bin/lesspipe %s'), ('USER', 'sushant'), ('LC_TIME', 'bho_NP'), ('XDG_SESSION_TYPE', 'wayland'), ('SHLVL', '1'), ('LD_LIBRARY_PATH', '/opt/ros/humble/opt/rviz_ogre_vendor/lib:/opt/ros/humble/lib/x86_64-linux-gnu:/opt/ros/humble/lib'), ('HOME', '/home/sushant'), ('OLDPWD', '/home/sushant/ros_ws/src'), ('DESKTOP_SESSION', 'ubuntu'), ('ROS_PYTHON_VERSION', '3'), ('GNOME_SHELL_SESSION_MODE', 'ubuntu'), ('GTK_MODULES', 'gail:atk-bridge'), ('LC_MONETARY', 'bho_NP'), ('SYSTEMD_EXEC_PID', '1822'), ('DBUS_SESSION_BUS_ADDRESS', 'unix:path=/run/user/1000/bus'), ('COLORTERM', 'truecolor'), ('IM_CONFIG_PHASE', '1'), ('WAYLAND_DISPLAY', 'wayland-0'), ('COLCON_PREFIX_PATH', '/home/sushant/ros_ws/install'), ('ROS_DISTRO', 'humble'), ('LOGNAME', 'sushant'), ('_', '/usr/bin/colcon'), ('ROS_VERSION', '2'), ('XDG_SESSION_CLASS', 'user'), ('USERNAME', 'sushant'), ('TERM', 'xterm-256color'), ('GNOME_DESKTOP_SESSION_ID', 'this-is-deprecated'), ('ROS_LOCALHOST_ONLY', '0'), ('PATH', '/opt/ros/humble/bin:/usr/local/sbin:/usr/local/bin:/usr/sbin:/usr/bin:/sbin:/bin:/usr/games:/usr/local/games:/snap/bin:/snap/bin'), ('SESSION_MANAGER', 'local/ub2204:@/tmp/.ICE-unix/1630,unix/ub2204:/tmp/.ICE-unix/1630'), ('XDG_MENU_PREFIX', 'gnome-'), ('LC_ADDRESS', 'bho_NP'), ('GNOME_TERMINAL_SCREEN', '/org/gnome/Terminal/screen/be8530f2_5aa3_476f_b2ad_1a1fcd4c1b6a'), ('GNOME_SETUP_DISPLAY', ':1'), ('XDG_RUNTIME_DIR', '/run/user/1000'), ('DISPLAY', ':0'), ('LANG', 'en_US.UTF-8'), ('XDG_CURRENT_DESKTOP', 'ubuntu:GNOME'), ('LC_TELEPHONE', 'bho_NP'), ('XMODIFIERS', '@im=ibus'), ('XDG_SESSION_DESKTOP', 'ubuntu'), ('XAUTHORITY', '/run/user/1000/.mutter-Xwaylandauth.MPIPA3'), ('LS_COLORS', 'rs=0:di=01;34:ln=01;36:mh=00:pi=40;33:so=01;35:do=01;35:bd=40;33;01:cd=40;33;01:or=40;31;01:mi=00:su=37;41:sg=30;43:ca=30;41:tw=30;42:ow=34;42:st=37;44:ex=01;32:*.tar=01;31:*.tgz=01;31:*.arc=01;31:*.arj=01;31:*.taz=01;31:*.lha=01;31:*.lz4=01;31:*.lzh=01;31:*.lzma=01;31:*.tlz=01;31:*.txz=01;31:*.tzo=01;31:*.t7z=01;31:*.zip=01;31:*.z=01;31:*.dz=01;31:*.gz=01;31:*.lrz=01;31:*.lz=01;31:*.lzo=01;31:*.xz=01;31:*.zst=01;31:*.tzst=01;31:*.bz2=01;31:*.bz=01;31:*.tbz=01;31:*.tbz2=01;31:*.tz=01;31:*.deb=01;31:*.rpm=01;31:*.jar=01;31:*.war=01;31:*.ear=01;31:*.sar=01;31:*.rar=01;31:*.alz=01;31:*.ace=01;31:*.zoo=01;31:*.cpio=01;31:*.7z=01;31:*.rz=01;31:*.cab=01;31:*.wim=01;31:*.swm=01;31:*.dwm=01;31:*.esd=01;31:*.jpg=01;35:*.jpeg=01;35:*.mjpg=01;35:*.mjpeg=01;35:*.gif=01;35:*.bmp=01;35:*.pbm=01;35:*.pgm=01;35:*.ppm=01;35:*.tga=01;35:*.xbm=01;35:*.xpm=01;35:*.tif=01;35:*.tiff=01;35:*.png=01;35:*.svg=01;35:*.svgz=01;35:*.mng=01;35:*.pcx=01;35:*.mov=01;35:*.mpg=01;35:*.mpeg=01;35:*.m2v=01;35:*.mkv=01;35:*.webm=01;35:*.webp=01;35:*.ogm=01;35:*.mp4=01;35:*.m4v=01;35:*.mp4v=01;35:*.vob=01;35:*.qt=01;35:*.nuv=01;35:*.wmv=01;35:*.asf=01;35:*.rm=01;35:*.rmvb=01;35:*.flc=01;35:*.avi=01;35:*.fli=01;35:*.flv=01;35:*.gl=01;35:*.dl=01;35:*.xcf=01;35:*.xwd=01;35:*.yuv=01;35:*.cgm=01;35:*.emf=01;35:*.ogv=01;35:*.ogx=01;35:*.aac=00;36:*.au=00;36:*.flac=00;36:*.m4a=00;36:*.mid=00;36:*.midi=00;36:*.mka=00;36:*.mp3=00;36:*.mpc=00;36:*.ogg=00;36:*.ra=00;36:*.wav=00;36:*.oga=00;36:*.opus=00;36:*.spx=00;36:*.xspf=00;36:'), ('GNOME_TERMINAL_SERVICE', ':1.132'), ('SSH_AGENT_LAUNCHER', 'gnome-keyring'), ('SSH_AUTH_SOCK', '/run/user/1000/keyring/ssh'), ('AMENT_PREFIX_PATH', '/opt/ros/humble'), ('SHELL', '/bin/bash'), ('LC_NAME', 'bho_NP'), ('QT_ACCESSIBILITY', '1'), ('GDMSESSION', 'ubuntu'), ('LESSCLOSE', '/usr/bin/lesspipe %s %s'), ('LC_MEASUREMENT', 'bho_NP'), ('LC_IDENTIFICATION', 'bho_NP'), ('QT_IM_MODULE', 'ibus'), ('PWD', '/home/sushant/ros_ws/build/robotic-arm-urdf-min'), ('LC_ALL', 'en_US.UTF-8'), ('XDG_CONFIG_DIRS', '/etc/xdg/xdg-ubuntu:/etc/xdg'), ('XDG_DATA_DIRS', '/usr/share/ubuntu:/usr/local/share/:/usr/share/:/var/lib/snapd/desktop'), ('PYTHONPATH', '/opt/ros/humble/lib/python3.10/site-packages:/opt/ros/humble/local/lib/python3.10/dist-packages'), ('LC_NUMERIC', 'bho_NP'), ('LC_PAPER', 'bho_NP'), ('COLCON', '1'), ('VTE_VERSION', '6800')]), 'shell': False}
[0.099935] (-) TimerEvent: {}
[0.176546] (robotic-arm-urdf-min) StdoutLine: {'line': b'-- The C compiler identification is GNU 11.4.0\n'}
[0.200162] (-) TimerEvent: {}
[0.300998] (-) TimerEvent: {}
[0.354525] (robotic-arm-urdf-min) StdoutLine: {'line': b'-- The CXX compiler identification is GNU 11.4.0\n'}
[0.366063] (robotic-arm-urdf-min) StdoutLine: {'line': b'-- Detecting C compiler ABI info\n'}
[0.401063] (-) TimerEvent: {}
[0.429578] (robotic-arm-urdf-min) StdoutLine: {'line': b'-- Detecting C compiler ABI info - done\n'}
[0.436640] (robotic-arm-urdf-min) StdoutLine: {'line': b'-- Check for working C compiler: /usr/bin/cc - skipped\n'}
[0.437318] (robotic-arm-urdf-min) StdoutLine: {'line': b'-- Detecting C compile features\n'}
[0.438203] (robotic-arm-urdf-min) StdoutLine: {'line': b'-- Detecting C compile features - done\n'}
[0.441756] (robotic-arm-urdf-min) StdoutLine: {'line': b'-- Detecting CXX compiler ABI info\n'}
[0.501178] (-) TimerEvent: {}
[0.507935] (robotic-arm-urdf-min) StdoutLine: {'line': b'-- Detecting CXX compiler ABI info - done\n'}
[0.515118] (robotic-arm-urdf-min) StdoutLine: {'line': b'-- Check for working CXX compiler: /usr/bin/c++ - skipped\n'}
[0.515349] (robotic-arm-urdf-min) StdoutLine: {'line': b'-- Detecting CXX compile features\n'}
[0.515768] (robotic-arm-urdf-min) StdoutLine: {'line': b'-- Detecting CXX compile features - done\n'}
[0.519869] (robotic-arm-urdf-min) StdoutLine: {'line': b'-- Found ament_cmake: 1.3.12 (/opt/ros/humble/share/ament_cmake/cmake)\n'}
[0.601259] (-) TimerEvent: {}
[0.656866] (robotic-arm-urdf-min) StdoutLine: {'line': b'-- Found Python3: /usr/bin/python3 (found version "3.10.12") found components: Interpreter \n'}
[0.701373] (-) TimerEvent: {}
[0.759893] (robotic-arm-urdf-min) StderrLine: {'line': b'\x1b[31mCMake Error at CMakeLists.txt:6 (install):\n'}
[0.760050] (robotic-arm-urdf-min) StderrLine: {'line': b'  install DIRECTORY given no DESTINATION!\n'}
[0.760113] (robotic-arm-urdf-min) StderrLine: {'line': b'\n'}
[0.760172] (robotic-arm-urdf-min) StderrLine: {'line': b'\x1b[0m\n'}
[0.801494] (-) TimerEvent: {}
[0.804859] (robotic-arm-urdf-min) StderrLine: {'line': b"Error parsing '/home/sushant/ros_ws/src/robotic-arm-urdf-min/package.xml':\n"}
[0.846464] (robotic-arm-urdf-min) StderrLine: {'line': b'Traceback (most recent call last):\n'}
[0.846605] (robotic-arm-urdf-min) StderrLine: {'line': b'  File "/usr/lib/python3/dist-packages/catkin_pkg/package.py", line 610, in parse_package_string\n'}
[0.847457] (robotic-arm-urdf-min) StderrLine: {'line': b'    root = dom.parseString(data)\n'}
[0.847637] (robotic-arm-urdf-min) StderrLine: {'line': b'  File "/usr/lib/python3.10/xml/dom/minidom.py", line 2000, in parseString\n'}
[0.848409] (robotic-arm-urdf-min) StderrLine: {'line': b'    return expatbuilder.parseString(string)\n'}
[0.848569] (robotic-arm-urdf-min) StderrLine: {'line': b'  File "/usr/lib/python3.10/xml/dom/expatbuilder.py", line 925, in parseString\n'}
[0.849309] (robotic-arm-urdf-min) StderrLine: {'line': b'    return builder.parseString(string)\n'}
[0.849553] (robotic-arm-urdf-min) StderrLine: {'line': b'  File "/usr/lib/python3.10/xml/dom/expatbuilder.py", line 223, in parseString\n'}
[0.849660] (robotic-arm-urdf-min) StderrLine: {'line': b'    parser.Parse(string, True)\n'}
[0.849748] (robotic-arm-urdf-min) StderrLine: {'line': b'xml.parsers.expat.ExpatError: not well-formed (invalid token): line 1, column 2\n'}
[0.849826] (robotic-arm-urdf-min) StderrLine: {'line': b'\n'}
[0.849901] (robotic-arm-urdf-min) StderrLine: {'line': b'During handling of the above exception, another exception occurred:\n'}
[0.850026] (robotic-arm-urdf-min) StderrLine: {'line': b'\n'}
[0.850097] (robotic-arm-urdf-min) StderrLine: {'line': b'Traceback (most recent call last):\n'}
[0.850147] (robotic-arm-urdf-min) StderrLine: {'line': b'  File "/opt/ros/humble/share/ament_cmake_core/cmake/core/package_xml_2_cmake.py", line 150, in <module>\n'}
[0.850196] (robotic-arm-urdf-min) StderrLine: {'line': b'    main()\n'}
[0.850243] (robotic-arm-urdf-min) StderrLine: {'line': b'  File "/opt/ros/humble/share/ament_cmake_core/cmake/core/package_xml_2_cmake.py", line 53, in main\n'}
[0.850292] (robotic-arm-urdf-min) StderrLine: {'line': b'    raise e\n'}
[0.850339] (robotic-arm-urdf-min) StderrLine: {'line': b'  File "/opt/ros/humble/share/ament_cmake_core/cmake/core/package_xml_2_cmake.py", line 49, in main\n'}
[0.850399] (robotic-arm-urdf-min) StderrLine: {'line': b'    package = parse_package_string(\n'}
[0.850476] (robotic-arm-urdf-min) StderrLine: {'line': b'  File "/usr/lib/python3/dist-packages/catkin_pkg/package.py", line 612, in parse_package_string\n'}
[0.850552] (robotic-arm-urdf-min) StderrLine: {'line': b"    raise InvalidPackage('The manifest contains invalid XML:\\n%s' % ex, filename)\n"}
[0.850607] (robotic-arm-urdf-min) StderrLine: {'line': b"catkin_pkg.package.InvalidPackage: Error(s) in package '/home/sushant/ros_ws/src/robotic-arm-urdf-min/package.xml':\n"}
[0.850656] (robotic-arm-urdf-min) StderrLine: {'line': b'The manifest contains invalid XML:\n'}
[0.850705] (robotic-arm-urdf-min) StderrLine: {'line': b'not well-formed (invalid token): line 1, column 2\n'}
[0.865512] (robotic-arm-urdf-min) StderrLine: {'line': b'\x1b[31mCMake Error at /opt/ros/humble/share/ament_cmake_core/cmake/core/ament_package_xml.cmake:95 (message):\n'}
[0.865669] (robotic-arm-urdf-min) StderrLine: {'line': b'  execute_process(/usr/bin/python3\n'}
[0.865740] (robotic-arm-urdf-min) StderrLine: {'line': b'  /opt/ros/humble/share/ament_cmake_core/cmake/core/package_xml_2_cmake.py\n'}
[0.865804] (robotic-arm-urdf-min) StderrLine: {'line': b'  /home/sushant/ros_ws/src/robotic-arm-urdf-min/package.xml\n'}
[0.865866] (robotic-arm-urdf-min) StderrLine: {'line': b'  /home/sushant/ros_ws/build/robotic-arm-urdf-min/ament_cmake_core/package.cmake)\n'}
[0.865930] (robotic-arm-urdf-min) StderrLine: {'line': b'  returned error code 1\n'}
[0.865991] (robotic-arm-urdf-min) StderrLine: {'line': b'Call Stack (most recent call first):\n'}
[0.866170] (robotic-arm-urdf-min) StderrLine: {'line': b'  /opt/ros/humble/share/ament_cmake_core/cmake/core/ament_package_xml.cmake:49 (_ament_package_xml)\n'}
[0.866253] (robotic-arm-urdf-min) StderrLine: {'line': b'  /opt/ros/humble/share/ament_cmake_core/cmake/core/ament_package.cmake:63 (ament_package_xml)\n'}
[0.866317] (robotic-arm-urdf-min) StderrLine: {'line': b'  CMakeLists.txt:13 (ament_package)\n'}
[0.866377] (robotic-arm-urdf-min) StderrLine: {'line': b'\n'}
[0.866435] (robotic-arm-urdf-min) StderrLine: {'line': b'\x1b[0m\n'}
[0.866492] (robotic-arm-urdf-min) StdoutLine: {'line': b'-- Configuring incomplete, errors occurred!\n'}
[0.866557] (robotic-arm-urdf-min) StdoutLine: {'line': b'See also "/home/sushant/ros_ws/build/robotic-arm-urdf-min/CMakeFiles/CMakeOutput.log".\n'}
[0.869793] (robotic-arm-urdf-min) CommandEnded: {'returncode': 1}
[0.870368] (robotic-arm-urdf-min) JobEnded: {'identifier': 'robotic-arm-urdf-min', 'rc': 1}
[0.871142] (-) EventReactorShutdown: {}
